2025-11-06 16:11:02,672 - androduct - INFO - [92m[+] Androduct Framework started[0m
2025-11-06 16:11:34,139 - androduct - WARNING - [93m[!] Invalid option selected[0m
2025-11-06 16:15:02,723 - androduct - INFO - [92m[+] Framework shutdown initiated[0m
2025-11-06 16:15:02,733 - androduct - INFO - [92m[+] Androduct Framework session ended[0m
2025-11-06 16:15:13,627 - androduct - INFO - [92m[+] Androduct Framework started[0m
2025-11-06 16:15:30,862 - androduct - ERROR - [91m[-] Device ID required[0m
2025-11-06 16:21:03,740 - androduct - INFO - [92m[+] Framework shutdown initiated[0m
2025-11-06 16:21:03,751 - androduct - INFO - [92m[+] Androduct Framework session ended[0m
2025-11-06 16:21:07,692 - androduct - INFO - [92m[1m[✓] Session added: 2916312030002460 via ADB_USB[0m
2025-11-06 16:21:18,438 - androduct - INFO - [92m[+] Androduct Framework started[0m
2025-11-06 16:21:18,643 - androduct - INFO - [92m[1m[✓] Session added: 2916312030002460 via ADB_USB[0m
2025-11-06 16:21:28,724 - androduct - ERROR - [91m[-] Device ID required[0m
2025-11-06 16:21:40,409 - androduct - ERROR - [91m[-] Session not found[0m
2025-11-06 16:21:41,533 - androduct - WARNING - [93m[!] Invalid option selected[0m
2025-11-06 16:22:50,473 - androduct - INFO - [92m[+] Extracting contacts database...[0m
2025-11-06 16:22:50,564 - androduct - ERROR - [91m[-] Command failed: /system/bin/sh: su: inaccessible or not found[0m
2025-11-06 16:22:50,623 - androduct - ERROR - [91m[-] Command failed: /system/bin/sh: su: inaccessible or not found[0m
2025-11-06 16:22:50,625 - androduct - WARNING - [93m[!] No contacts database found[0m
2025-11-06 16:23:00,864 - androduct - INFO - [92m[+] Framework shutdown initiated[0m
2025-11-06 16:23:00,879 - androduct - INFO - [92m[+] Androduct Framework session ended[0m
2025-11-06 16:27:51,992 - androduct - INFO - [92m[+] Androduct Framework started[0m
2025-11-06 16:27:52,218 - androduct - INFO - [92m[1m[✓] Session added: 2916312030002460 via ADB_USB[0m
2025-11-06 16:28:46,409 - androduct - INFO - [92m[+] Gathering hardware information...[0m
2025-11-06 16:28:46,555 - androduct - ERROR - [91m[-] Command failed: [0m
2025-11-06 16:28:58,325 - androduct - INFO - [92m[+] Analyzing security settings...[0m
2025-11-06 16:29:12,788 - androduct - INFO - [92m[+] Gathering network configuration...[0m
2025-11-06 16:29:33,742 - androduct - INFO - [92m[1m[✓] Session added:  via ADB[0m
2025-11-06 16:30:44,298 - androduct - INFO - [92m[+] Starting audio recording...[0m
2025-11-06 16:30:46,020 - androduct - INFO - [92m[+] Recording audio for 10 seconds...[0m
2025-11-06 16:30:46,081 - androduct - ERROR - [91m[-] Audio recording failed[0m
2025-11-06 16:31:05,894 - androduct - INFO - [92m[+] Framework shutdown initiated[0m
2025-11-06 16:31:05,905 - androduct - INFO - [92m[+] Androduct Framework session ended[0m
2025-11-06 16:31:55,305 - androduct - INFO - [92m[+] Androduct Framework started[0m
2025-11-06 16:31:55,565 - androduct - INFO - [92m[1m[✓] Session added: 2916312030002460 via ADB_USB[0m
2025-11-06 16:32:19,301 - androduct - INFO - [92m[1m[✓] Session 2916312030002460 closed[0m
2025-11-06 16:32:27,989 - androduct - INFO - [92m[+] Framework shutdown initiated[0m
2025-11-06 16:32:28,003 - androduct - INFO - [92m[+] Androduct Framework session ended[0m
2025-11-06 16:32:31,751 - androduct - INFO - [92m[+] Androduct Framework started[0m
2025-11-06 16:33:04,954 - androduct - ERROR - [91m[-] Device ID required[0m
2025-11-06 16:33:11,457 - androduct - INFO - [92m[1m[✓] Session added: 2916312030002460 via ADB_USB[0m
2025-11-06 16:33:17,636 - androduct - INFO - [92m[+] Framework shutdown initiated[0m
2025-11-06 16:33:17,648 - androduct - INFO - [92m[+] Androduct Framework session ended[0m
